object(Hack\UserDocumentation\Generics\Variance\Examples\Covariance\C)#1 (1) {
  ["t":"Hack\UserDocumentation\Generics\Variance\Examples\Covariance\C":private]=>
  object(Hack\UserDocumentation\Generics\Variance\Examples\Covariance\Animal)#2 (0) {
  }
}
object(Hack\UserDocumentation\Generics\Variance\Examples\Covariance\C)#1 (1) {
  ["t":"Hack\UserDocumentation\Generics\Variance\Examples\Covariance\C":private]=>
  object(Hack\UserDocumentation\Generics\Variance\Examples\Covariance\Cat)#2 (0) {
  }
}
array(2) {
  [0]=>
  object(Hack\UserDocumentation\Generics\Variance\Examples\Covariance\Animal)#1 (0) {
  }
  [1]=>
  object(Hack\UserDocumentation\Generics\Variance\Examples\Covariance\Animal)#2 (0) {
  }
}
array(3) {
  [0]=>
  object(Hack\UserDocumentation\Generics\Variance\Examples\Covariance\Cat)#2 (0) {
  }
  [1]=>
  object(Hack\UserDocumentation\Generics\Variance\Examples\Covariance\Cat)#3 (0) {
  }
  [2]=>
  object(Hack\UserDocumentation\Generics\Variance\Examples\Covariance\Animal)#4 (0) {
  }
}