object(xhp_a)#6 (5) {
  ["tagName":protected]=>
  string(1) "a"
  ["attributes":"xhp_x__composable_element":private]=>
  object(HH\Map)#7 (1) {
    ["href"]=>
    string(14) "http://uri.com"
  }
  ["children":"xhp_x__composable_element":private]=>
  object(HH\Vector)#8 (1) {
    [0]=>
    string(5) "Title"
  }
  ["context":"xhp_x__composable_element":private]=>
  object(HH\Map)#9 (0) {
  }
  ["source"]=>
  string(90) "/data/users/joelm/user-documentation/guides/hack/24-XHP/03-typing-examples/annotate.php:21"
}
bool(true)
bool(true)
string(5) "Title"
bool(true)
bool(false)
object(xhp_x__frag)#106 (4) {
  ["attributes":"xhp_x__composable_element":private]=>
  object(HH\Map)#107 (0) {
  }
  ["children":"xhp_x__composable_element":private]=>
  object(HH\Vector)#108 (1) {
    [0]=>
    object(xhp_a)#6 (5) {
      ["tagName":protected]=>
      string(1) "a"
      ["attributes":"xhp_x__composable_element":private]=>
      object(HH\Map)#7 (1) {
        ["href"]=>
        string(14) "http://uri.com"
      }
      ["children":"xhp_x__composable_element":private]=>
      object(HH\Vector)#8 (1) {
        [0]=>
        string(5) "Title"
      }
      ["context":"xhp_x__composable_element":private]=>
      object(HH\Map)#9 (0) {
      }
      ["source"]=>
      string(90) "/data/users/joelm/user-documentation/guides/hack/24-XHP/03-typing-examples/annotate.php:21"
    }
  }
  ["context":"xhp_x__composable_element":private]=>
  object(HH\Map)#109 (0) {
  }
  ["source"]=>
  string(90) "/data/users/joelm/user-documentation/guides/hack/24-XHP/03-typing-examples/annotate.php:30"
}
bool(true)
bool(true)