object(HH\Vector)#131 (1) {
  [0]=>
  object(xhp_p)#6 (5) {
    ["tagName":protected]=>
    string(1) "p"
    ["attributes":"xhp_x__composable_element":private]=>
    object(HH\Map)#7 (1) {
      ["title"]=>
      string(8) "User IDs"
    }
    ["children":"xhp_x__composable_element":private]=>
    object(HH\Vector)#8 (1) {
      [0]=>
      string(25) "These are the initial IDs"
    }
    ["context":"xhp_x__composable_element":private]=>
    object(HH\Map)#9 (0) {
    }
    ["source"]=>
    string(99) "/data/users/joelm/user-documentation/guides/hack/24-XHP/03-typing-examples/use-object-methods.php:9"
  }
}