vec(2) {
  object(HH\Asio\WrappedException) (1) {
    ["exception":"HH\Asio\WrappedException":private]=>
    object(Exception) (8) {
      ["message":protected]=>
      string(0) ""
      ["string":"Exception":private]=>
      string(0) ""
      ["code":protected]=>
      int(0)
      ["file":protected]=>
      string(128) "/home/example/guides/hack/15-asynchronous-operations/10-exceptions-examples/wrapping-exceptions.php"
      ["line":protected]=>
      int(11)
      ["trace":"Exception":private]=>
      varray(3) {
        darray(3) {
          ["file"]=>
          string(128) "/home/example/guides/hack/15-asynchronous-operations/10-exceptions-examples/wrapping-exceptions.php"
          ["line"]=>
          int(20)
          ["function"]=>
          string(105) "HHVM\UserDocumentation\Guides\Hack\AsynchronousOperations\Exceptions\WrappingExceptions\exception_thrower"
        }
        darray(3) {
          ["file"]=>
          string(128) "/home/example/guides/hack/15-asynchronous-operations/10-exceptions-examples/wrapping-exceptions.php"
          ["line"]=>
          int(33)
          ["function"]=>
          string(107) "HHVM\UserDocumentation\Guides\Hack\AsynchronousOperations\Exceptions\WrappingExceptions\wrapping_exceptions"
        }
        darray(1) {
          ["function"]=>
          string(92) "HHVM\UserDocumentation\Guides\Hack\AsynchronousOperations\Exceptions\WrappingExceptions\main"
        }
      }
      ["previous":"Exception":private]=>
      NULL
      ["userMetadata":protected]=>
      NULL
    }
  }
  object(HH\Asio\WrappedResult) (1) {
    ["result":"HH\Asio\WrappedResult":private]=>
    int(2)
  }
}
