object(HH\Vector)#1 (3) {
  [0]=>
  string(1) "A"
  [1]=>
  string(1) "B"
  [2]=>
  string(1) "C"
}
string(1) "A"
object(HH\Vector)#1 (4) {
  [0]=>
  string(1) "A"
  [1]=>
  string(1) "B"
  [2]=>
  string(1) "C"
  [3]=>
  string(1) "D"
}
string(1) "B"
string(40) "Collection was modified during iteration"
object(HH\Set)#3 (3) {
  int(100)
  int(200)
  int(300)
}
int(100)
object(HH\Set)#3 (3) {
  int(100)
  int(200)
  int(300)
}
int(200)
object(HH\Set)#3 (2) {
  int(100)
  int(200)
}
int(300)
string(40) "Collection was modified during iteration"