array(3) {
  [0]=>
  string(1) "A"
  [1]=>
  string(1) "B"
  [2]=>
  string(1) "C"
}
string(1) "A"
array(3) {
  [0]=>
  &string(1) "A"
  [1]=>
  string(1) "B"
  [2]=>
  string(1) "C"
}
string(1) "B"
array(3) {
  [0]=>
  string(1) "A"
  [1]=>
  &string(1) "D"
  [2]=>
  string(1) "C"
}
string(1) "C"
array(3) {
  [0]=>
  string(1) "A"
  [1]=>
  string(1) "D"
  [2]=>
  &string(1) "C"
}
object(HH\Vector)#1 (3) {
  [0]=>
  string(1) "A"
  [1]=>
  string(1) "B"
  [2]=>
  string(1) "C"
}
string(1) "A"
object(HH\Vector)#1 (3) {
  [0]=>
  string(1) "A"
  [1]=>
  string(1) "B"
  [2]=>
  string(1) "C"
}
string(1) "B"
object(HH\Vector)#1 (3) {
  [0]=>
  string(1) "A"
  [1]=>
  string(1) "D"
  [2]=>
  string(1) "C"
}
string(1) "C"
object(HH\Vector)#1 (3) {
  [0]=>
  string(1) "A"
  [1]=>
  string(1) "D"
  [2]=>
  string(1) "C"
}