object(HH\Vector)#3 (4) {
  [0]=>
  object(Hack\UserDocumentation\Lambdas\Examples\Design\Introduction\User)#4 (1) {
    ["name"]=>
    string(5) "User1"
  }
  [1]=>
  object(Hack\UserDocumentation\Lambdas\Examples\Design\Introduction\User)#5 (1) {
    ["name"]=>
    string(5) "User2"
  }
  [2]=>
  object(Hack\UserDocumentation\Lambdas\Examples\Design\Introduction\User)#6 (1) {
    ["name"]=>
    string(5) "User3"
  }
  [3]=>
  object(Hack\UserDocumentation\Lambdas\Examples\Design\Introduction\User)#7 (1) {
    ["name"]=>
    string(5) "User4"
  }
}